<?xml version="1.0" encoding="UTF-8"?>
<!-- Generated by org.testng.reporters.JUnitReportReporter -->
<testsuite hostname="Praful" failures="0" tests="1" name="TestRunner.RunnerTest" time="6.345" errors="0" timestamp="14 Jan 2024 12:17:51 GMT" skipped="0">
  <testcase classname="TestRunner.RunnerTest" name="runScenario" time="6.345"/>
</testsuite> <!-- TestRunner.RunnerTest -->
